2025-03-03 17:13:09 - [32minfo[39m: Creating configuration file...
2025-03-03 17:13:09 - [34mdebug[39m: requireModuleV3 :: module - @playwright/test/package.json, package - @playwright/test
2025-03-03 17:13:09 - [34mdebug[39m: requireModuleV2 :: module - @playwright/test/package.json, package - @playwright/test
2025-03-03 17:13:09 - [34mdebug[39m: requireModuleV3 :: module - selenium-webdriver/package.json, package - selenium-webdriver
2025-03-03 17:13:09 - [34mdebug[39m: Unable to resolve module with requireModuleV3 with error: Error: Cannot find module 'selenium-webdriver'
Require stack:
- C:\playwright-project\node_modules\browserstack-node-sdk\src\helpers\helper.js
- C:\playwright-project\node_modules\browserstack-node-sdk\src\bin\setup.js
2025-03-03 17:13:09 - [34mdebug[39m: requireModuleV2 :: module - selenium-webdriver/package.json, package - selenium-webdriver
2025-03-03 17:13:09 - [34mdebug[39m: Getting selenium-webdriver/package.json from C:\playwright-project
2025-03-03 17:13:09 - [34mdebug[39m: selenium-webdriver/package.json doesn't exist at C:\playwright-project
2025-03-03 17:13:09 - [34mdebug[39m: Getting selenium-webdriver/package.json from path C:\playwright-project
2025-03-03 17:13:09 - [34mdebug[39m: Getting selenium-webdriver/package.json from C:\Users\SofiaMartínezLópez\AppData\Roaming\npm\node_modules
2025-03-03 17:13:09 - [34mdebug[39m: Error while loading package. Error: selenium-webdriver/package.json doesn't exist.
2025-03-03 17:13:09 - [34mdebug[39m: requireModuleV3 :: module - selenium-webdriver/package.json, package - selenium-webdriver
2025-03-03 17:13:09 - [34mdebug[39m: Unable to resolve module with requireModuleV3 with error: Error: Cannot find module 'selenium-webdriver'
Require stack:
- C:\playwright-project\node_modules\browserstack-node-sdk\src\helpers\helper.js
- C:\playwright-project\node_modules\browserstack-node-sdk\src\bin\setup.js
2025-03-03 17:13:09 - [34mdebug[39m: requireModuleV2 :: module - selenium-webdriver/package.json, package - selenium-webdriver
2025-03-03 17:13:09 - [34mdebug[39m: Getting selenium-webdriver/package.json from C:\playwright-project
2025-03-03 17:13:09 - [34mdebug[39m: selenium-webdriver/package.json doesn't exist at C:\playwright-project
2025-03-03 17:13:09 - [34mdebug[39m: Getting selenium-webdriver/package.json from path C:\playwright-project
2025-03-03 17:13:09 - [34mdebug[39m: Getting selenium-webdriver/package.json from C:\Users\SofiaMartínezLópez\AppData\Roaming\npm\node_modules
2025-03-03 17:13:09 - [34mdebug[39m: Error while loading package. Error: selenium-webdriver/package.json doesn't exist.
2025-03-03 17:13:09 - [34mdebug[39m: Firing SDK event for funnel data: {"userName":"sofia_9pDizf","accessKey":"qUnkPpXszvThH7Dp57Fb","event_type":"SDKSetup","detectedFramework":"","optimalHubUrl":[],"event_properties":{"testhub_uuid":"","product_map":{"observability":true,"accessibility":false,"percy":false,"automate":true,"app_automate":false,"central_scanner":false},"productMap":{"observability":true,"accessibility":false,"percy":false,"automate":true,"app_automate":false,"central_scanner":false},"language_framework":"node-setup","referrer":"nodeagent/1.34.41","frameworkVersion":null,"automationFramework":"selenium","automationFrameworkVersion":null,"language":"nodejs","languageVersion":"v22.12.0","product":["automate","observability"],"buildName":"browserstack build","buildIdentifier":"#${BUILD_NUMBER}","os":"Windows_NT","hostname":"INKOOVAJ24093FB","seleniumVersion":null}}
2025-03-03 17:13:09 - [32minfo[39m: Adding new script(s) in package.json...
2025-03-03 17:13:09 - [32minfo[39m: Setup completed
2025-03-03 17:13:09 - [34mdebug[39m: API Event SDKSetup response - {"data":{"message":"SDK Event recorded successfully"},"body":"{\"message\":\"SDK Event recorded successfully\"}","statusCode":200}
